2026-03-21 17:13:06 0 [Note] Starting MariaDB 10.4.32-MariaDB source revision c4143f909528e3fab0677a28631d10389354c491 as process 6196
2026-03-21 17:13:06 0 [Note] InnoDB: Mutexes and rw_locks use Windows interlocked functions
2026-03-21 17:13:06 0 [Note] InnoDB: Uses event mutexes
2026-03-21 17:13:06 0 [Note] InnoDB: Compressed tables use zlib 1.3
2026-03-21 17:13:06 0 [Note] InnoDB: Number of pools: 1
2026-03-21 17:13:06 0 [Note] InnoDB: Using SSE2 crc32 instructions
2026-03-21 17:13:06 0 [Note] InnoDB: Initializing buffer pool, total size = 16M, instances = 1, chunk size = 16M
2026-03-21 17:13:06 0 [Note] InnoDB: Completed initialization of buffer pool
2026-03-21 17:13:06 0 [Note] InnoDB: Starting crash recovery from checkpoint LSN=300288
2026-03-21 17:13:07 0 [Note] InnoDB: 128 out of 128 rollback segments are active.
2026-03-21 17:13:07 0 [Note] InnoDB: Removed temporary tablespace data file: "ibtmp1"
2026-03-21 17:13:07 0 [Note] InnoDB: Creating shared tablespace for temporary tables
2026-03-21 17:13:07 0 [Note] InnoDB: Setting file 'C:\xampp1\mysql\data\ibtmp1' size to 12 MB. Physically writing the file full; Please wait ...
2026-03-21 17:13:07 0 [Note] InnoDB: File 'C:\xampp1\mysql\data\ibtmp1' size is now 12 MB.
2026-03-21 17:13:07 0 [Note] InnoDB: Waiting for purge to start
2026-03-21 17:13:07 0 [Note] InnoDB: 10.4.32 started; log sequence number 300297; transaction id 170
2026-03-21 17:13:07 0 [Note] InnoDB: Loading buffer pool(s) from C:\xampp1\mysql\data\ib_buffer_pool
2026-03-21 17:13:07 0 [Note] Plugin 'FEEDBACK' is disabled.
2026-03-21 17:13:07 0 [Note] Server socket created on IP: '::'.
2026-03-29 16:22:38 0 [Note] Starting MariaDB 10.4.32-MariaDB source revision c4143f909528e3fab0677a28631d10389354c491 as process 17048
2026-03-29 16:22:38 0 [Note] InnoDB: Mutexes and rw_locks use Windows interlocked functions
2026-03-29 16:22:38 0 [Note] InnoDB: Uses event mutexes
2026-03-29 16:22:38 0 [Note] InnoDB: Compressed tables use zlib 1.3
2026-03-29 16:22:38 0 [Note] InnoDB: Number of pools: 1
2026-03-29 16:22:38 0 [Note] InnoDB: Using SSE2 crc32 instructions
2026-03-29 16:22:38 0 [Note] InnoDB: Initializing buffer pool, total size = 16M, instances = 1, chunk size = 16M
2026-03-29 16:22:38 0 [Note] InnoDB: Completed initialization of buffer pool
2026-03-29 16:22:38 0 [Note] InnoDB: Starting crash recovery from checkpoint LSN=387635
2026-03-29 16:22:38 0 [Note] InnoDB: 128 out of 128 rollback segments are active.
2026-03-29 16:22:38 0 [Note] InnoDB: Removed temporary tablespace data file: "ibtmp1"
2026-03-29 16:22:38 0 [Note] InnoDB: Creating shared tablespace for temporary tables
2026-03-29 16:22:38 0 [Note] InnoDB: Setting file 'C:\xampp1\mysql\data\ibtmp1' size to 12 MB. Physically writing the file full; Please wait ...
2026-03-29 16:22:38 0 [Note] InnoDB: File 'C:\xampp1\mysql\data\ibtmp1' size is now 12 MB.
2026-03-29 16:22:38 0 [Note] InnoDB: Waiting for purge to start
2026-03-29 16:22:38 0 [Note] InnoDB: 10.4.32 started; log sequence number 387644; transaction id 374
2026-03-29 16:22:38 0 [Note] InnoDB: Loading buffer pool(s) from C:\xampp1\mysql\data\ib_buffer_pool
2026-03-29 16:22:38 0 [Note] Plugin 'FEEDBACK' is disabled.
2026-03-29 16:22:38 0 [Note] Server socket created on IP: '::'.
2026-03-29 16:22:41 0 [Note] Starting MariaDB 10.4.32-MariaDB source revision c4143f909528e3fab0677a28631d10389354c491 as process 17400
2026-03-29 16:22:41 0 [Note] InnoDB: Mutexes and rw_locks use Windows interlocked functions
2026-03-29 16:22:41 0 [Note] InnoDB: Uses event mutexes
2026-03-29 16:22:41 0 [Note] InnoDB: Compressed tables use zlib 1.3
2026-03-29 16:22:41 0 [Note] InnoDB: Number of pools: 1
2026-03-29 16:22:41 0 [Note] InnoDB: Using SSE2 crc32 instructions
2026-03-29 16:22:41 0 [Note] InnoDB: Initializing buffer pool, total size = 16M, instances = 1, chunk size = 16M
2026-03-29 16:22:41 0 [Note] InnoDB: Completed initialization of buffer pool
2026-03-29 16:22:42 0 [Note] InnoDB: Starting crash recovery from checkpoint LSN=387653
2026-03-29 16:22:42 0 [Note] InnoDB: 128 out of 128 rollback segments are active.
2026-03-29 16:22:42 0 [Note] InnoDB: Removed temporary tablespace data file: "ibtmp1"
2026-03-29 16:22:42 0 [Note] InnoDB: Creating shared tablespace for temporary tables
2026-03-29 16:22:42 0 [Note] InnoDB: Setting file 'C:\xampp1\mysql\data\ibtmp1' size to 12 MB. Physically writing the file full; Please wait ...
2026-03-29 16:22:42 0 [Note] InnoDB: File 'C:\xampp1\mysql\data\ibtmp1' size is now 12 MB.
2026-03-29 16:22:42 0 [Note] InnoDB: Waiting for purge to start
2026-03-29 16:22:42 0 [Note] InnoDB: 10.4.32 started; log sequence number 387662; transaction id 374
2026-03-29 16:22:42 0 [Note] InnoDB: Loading buffer pool(s) from C:\xampp1\mysql\data\ib_buffer_pool
2026-03-29 16:22:42 0 [Note] Plugin 'FEEDBACK' is disabled.
2026-03-29 16:22:42 0 [Note] Server socket created on IP: '::'.
2026-04-05 21:48:49 0 [Note] Starting MariaDB 10.4.32-MariaDB source revision c4143f909528e3fab0677a28631d10389354c491 as process 13472
2026-04-05 21:48:49 0 [Note] InnoDB: Mutexes and rw_locks use Windows interlocked functions
2026-04-05 21:48:49 0 [Note] InnoDB: Uses event mutexes
2026-04-05 21:48:49 0 [Note] InnoDB: Compressed tables use zlib 1.3
2026-04-05 21:48:49 0 [Note] InnoDB: Number of pools: 1
2026-04-05 21:48:49 0 [Note] InnoDB: Using SSE2 crc32 instructions
2026-04-05 21:48:49 0 [Note] InnoDB: Initializing buffer pool, total size = 16M, instances = 1, chunk size = 16M
2026-04-05 21:48:49 0 [Note] InnoDB: Completed initialization of buffer pool
2026-04-05 21:48:49 0 [Note] InnoDB: Starting crash recovery from checkpoint LSN=388424
2026-04-05 21:48:50 0 [Note] InnoDB: 128 out of 128 rollback segments are active.
2026-04-05 21:48:50 0 [Note] InnoDB: Removed temporary tablespace data file: "ibtmp1"
2026-04-05 21:48:50 0 [Note] InnoDB: Creating shared tablespace for temporary tables
2026-04-05 21:48:50 0 [Note] InnoDB: Setting file 'C:\xampp1\mysql\data\ibtmp1' size to 12 MB. Physically writing the file full; Please wait ...
2026-04-05 21:48:50 0 [Note] InnoDB: File 'C:\xampp1\mysql\data\ibtmp1' size is now 12 MB.
2026-04-05 21:48:50 0 [Note] InnoDB: Waiting for purge to start
2026-04-05 21:48:50 0 [Note] InnoDB: 10.4.32 started; log sequence number 388433; transaction id 401
2026-04-05 21:48:50 0 [Note] InnoDB: Loading buffer pool(s) from C:\xampp1\mysql\data\ib_buffer_pool
2026-04-05 21:48:50 0 [Note] Plugin 'FEEDBACK' is disabled.
2026-04-05 21:48:50 0 [Note] Server socket created on IP: '::'.
